0 info it worked if it ends with ok
1 verbose cli [ 'C:\\Program Files\\nodejs\\node.exe',
1 verbose cli   'C:\\Program Files\\nodejs\\node_modules\\npm\\bin\\npm-cli.js',
1 verbose cli   'run',
1 verbose cli   'postinstall' ]
2 info using npm@3.10.10
3 info using node@v6.10.3
4 verbose run-script [ 'postinstall' ]
5 info lifecycle project-thoth@0.3.0~postinstall: project-thoth@0.3.0
6 verbose lifecycle project-thoth@0.3.0~postinstall: unsafe-perm in lifecycle true
7 verbose lifecycle project-thoth@0.3.0~postinstall: PATH: C:\Program Files\nodejs\node_modules\npm\bin\node-gyp-bin;C:\Users\adria\Desktop\Ebongarde\projects\project-thoth\node_modules\.bin;C:\ProgramData\Oracle\Java\javapath;C:\Windows\system32;C:\Windows;C:\Windows\System32\Wbem;C:\Windows\System32\WindowsPowerShell\v1.0\;C:\Program Files (x86)\ATI Technologies\ATI.ACE\Core-Static;C:\Program Files\PuTTY\;C:\Program Files\WorldPainter;C:\Program Files\nodejs\;C:\Program Files\Git\cmd;C:\Users\adria\AppData\Local\Microsoft\WindowsApps;C:\Users\adria\AppData\Local\atom\bin;C:\Program Files (x86)\Microsoft VS Code\bin;C:\Users\adria\AppData\Roaming\npm
8 verbose lifecycle project-thoth@0.3.0~postinstall: CWD: C:\Users\adria\Desktop\Ebongarde\projects\project-thoth
9 silly lifecycle project-thoth@0.3.0~postinstall: Args: [ '/d /s /c',
9 silly lifecycle   'cd app && npm install && cd .. && git submodule update --recursive --init && npm run compile:tslint' ]
10 silly lifecycle project-thoth@0.3.0~postinstall: Returned: code: 1  signal: null
11 info lifecycle project-thoth@0.3.0~postinstall: Failed to exec postinstall script
12 verbose stack Error: project-thoth@0.3.0 postinstall: `cd app && npm install && cd .. && git submodule update --recursive --init && npm run compile:tslint`
12 verbose stack Exit status 1
12 verbose stack     at EventEmitter.<anonymous> (C:\Program Files\nodejs\node_modules\npm\lib\utils\lifecycle.js:255:16)
12 verbose stack     at emitTwo (events.js:106:13)
12 verbose stack     at EventEmitter.emit (events.js:191:7)
12 verbose stack     at ChildProcess.<anonymous> (C:\Program Files\nodejs\node_modules\npm\lib\utils\spawn.js:40:14)
12 verbose stack     at emitTwo (events.js:106:13)
12 verbose stack     at ChildProcess.emit (events.js:191:7)
12 verbose stack     at maybeClose (internal/child_process.js:886:16)
12 verbose stack     at Process.ChildProcess._handle.onexit (internal/child_process.js:226:5)
13 verbose pkgid project-thoth@0.3.0
14 verbose cwd C:\Users\adria\Desktop\Ebongarde\projects\project-thoth
15 error Windows_NT 10.0.15063
16 error argv "C:\\Program Files\\nodejs\\node.exe" "C:\\Program Files\\nodejs\\node_modules\\npm\\bin\\npm-cli.js" "run" "postinstall"
17 error node v6.10.3
18 error npm  v3.10.10
19 error code ELIFECYCLE
20 error project-thoth@0.3.0 postinstall: `cd app && npm install && cd .. && git submodule update --recursive --init && npm run compile:tslint`
20 error Exit status 1
21 error Failed at the project-thoth@0.3.0 postinstall script 'cd app && npm install && cd .. && git submodule update --recursive --init && npm run compile:tslint'.
21 error Make sure you have the latest version of node.js and npm installed.
21 error If you do, this is most likely a problem with the project-thoth package,
21 error not with npm itself.
21 error Tell the author that this fails on your system:
21 error     cd app && npm install && cd .. && git submodule update --recursive --init && npm run compile:tslint
21 error You can get information on how to open an issue for this project with:
21 error     npm bugs project-thoth
21 error Or if that isn't available, you can get their info via:
21 error     npm owner ls project-thoth
21 error There is likely additional logging output above.
22 verbose exit [ 1, true ]
